This file contains any messages produced by compilers while
running configure, to aid debugging if configure makes a mistake.

It was created by jhc configure 0.8.1, which was
generated by GNU Autoconf 2.68.  Invocation command line was

  $ ./configure 

## --------- ##
## Platform. ##
## --------- ##

hostname = ubuntu
uname -m = i686
uname -r = 3.2.0-29-generic-pae
uname -s = Linux
uname -v = #46-Ubuntu SMP Fri Jul 27 17:25:43 UTC 2012

/usr/bin/uname -p = unknown
/bin/uname -X     = unknown

/bin/arch              = unknown
/usr/bin/arch -k       = unknown
/usr/convex/getsysinfo = unknown
/usr/bin/hostinfo      = unknown
/bin/machine           = unknown
/usr/bin/oslevel       = unknown
/bin/universe          = unknown

PATH: /usr/lib/lightdm/lightdm
PATH: /usr/local/sbin
PATH: /usr/local/bin
PATH: /usr/sbin
PATH: /usr/bin
PATH: /sbin
PATH: /bin
PATH: /usr/games


## ----------- ##
## Core tests. ##
## ----------- ##

configure:1982: checking for a BSD-compatible install
configure:2050: result: /usr/bin/install -c
configure:2061: checking whether build environment is sane
configure:2111: result: yes
configure:2252: checking for a thread-safe mkdir -p
configure:2291: result: /bin/mkdir -p
configure:2304: checking for gawk
configure:2334: result: no
configure:2304: checking for mawk
configure:2320: found /usr/bin/mawk
configure:2331: result: mawk
configure:2342: checking whether make sets $(MAKE)
configure:2364: result: yes
configure:2455: checking build system type
configure:2469: result: i686-pc-linux-gnu
configure:2489: checking host system type
configure:2502: result: i686-pc-linux-gnu
configure:2523: checking whether ln -s works
configure:2527: result: yes
configure:2583: checking for gcc
configure:2599: found /usr/bin/gcc
configure:2610: result: gcc
configure:2839: checking for C compiler version
configure:2848: gcc --version >&5
gcc (Ubuntu/Linaro 4.6.3-1ubuntu5) 4.6.3
Copyright (C) 2011 Free Software Foundation, Inc.
This is free software; see the source for copying conditions.  There is NO
warranty; not even for MERCHANTABILITY or FITNESS FOR A PARTICULAR PURPOSE.

configure:2859: $? = 0
configure:2848: gcc -v >&5
Using built-in specs.
COLLECT_GCC=gcc
COLLECT_LTO_WRAPPER=/usr/lib/gcc/i686-linux-gnu/4.6/lto-wrapper
Target: i686-linux-gnu
Configured with: ../src/configure -v --with-pkgversion='Ubuntu/Linaro 4.6.3-1ubuntu5' --with-bugurl=file:///usr/share/doc/gcc-4.6/README.Bugs --enable-languages=c,c++,fortran,objc,obj-c++ --prefix=/usr --program-suffix=-4.6 --enable-shared --enable-linker-build-id --with-system-zlib --libexecdir=/usr/lib --without-included-gettext --enable-threads=posix --with-gxx-include-dir=/usr/include/c++/4.6 --libdir=/usr/lib --enable-nls --with-sysroot=/ --enable-clocale=gnu --enable-libstdcxx-debug --enable-libstdcxx-time=yes --enable-gnu-unique-object --enable-plugin --enable-objc-gc --enable-targets=all --disable-werror --with-arch-32=i686 --with-tune=generic --enable-checking=release --build=i686-linux-gnu --host=i686-linux-gnu --target=i686-linux-gnu
Thread model: posix
gcc version 4.6.3 (Ubuntu/Linaro 4.6.3-1ubuntu5) 
configure:2859: $? = 0
configure:2848: gcc -V >&5
gcc: error: unrecognized option '-V'
gcc: fatal error: no input files
compilation terminated.
configure:2859: $? = 4
configure:2848: gcc -qversion >&5
gcc: error: unrecognized option '-qversion'
gcc: fatal error: no input files
compilation terminated.
configure:2859: $? = 4
configure:2879: checking whether the C compiler works
configure:2901: gcc    conftest.c  >&5
configure:2905: $? = 0
configure:2953: result: yes
configure:2956: checking for C compiler default output file name
configure:2958: result: a.out
configure:2964: checking for suffix of executables
configure:2971: gcc -o conftest    conftest.c  >&5
configure:2975: $? = 0
configure:2997: result: 
configure:3019: checking whether we are cross compiling
configure:3027: gcc -o conftest    conftest.c  >&5
configure:3031: $? = 0
configure:3038: ./conftest
configure:3042: $? = 0
configure:3057: result: no
configure:3062: checking for suffix of object files
configure:3084: gcc -c   conftest.c >&5
configure:3088: $? = 0
configure:3109: result: o
configure:3113: checking whether we are using the GNU C compiler
configure:3132: gcc -c   conftest.c >&5
configure:3132: $? = 0
configure:3141: result: yes
configure:3150: checking whether gcc accepts -g
configure:3170: gcc -c -g  conftest.c >&5
configure:3170: $? = 0
configure:3211: result: yes
configure:3228: checking for gcc option to accept ISO C89
configure:3292: gcc  -c -g -O2  conftest.c >&5
configure:3292: $? = 0
configure:3305: result: none needed
configure:3331: checking how to run the C preprocessor
configure:3362: gcc -E  conftest.c
configure:3362: $? = 0
configure:3376: gcc -E  conftest.c
conftest.c:11:28: fatal error: ac_nonexistent.h: No such file or directory
compilation terminated.
configure:3376: $? = 1
configure: failed program was:
| /* confdefs.h */
| #define PACKAGE_NAME "jhc"
| #define PACKAGE_TARNAME "jhc"
| #define PACKAGE_VERSION "0.8.1"
| #define PACKAGE_STRING "jhc 0.8.1"
| #define PACKAGE_BUGREPORT ""
| #define PACKAGE_URL ""
| #define PACKAGE "jhc"
| #define VERSION "0.8.1"
| /* end confdefs.h.  */
| #include <ac_nonexistent.h>
configure:3401: result: gcc -E
configure:3421: gcc -E  conftest.c
configure:3421: $? = 0
configure:3435: gcc -E  conftest.c
conftest.c:11:28: fatal error: ac_nonexistent.h: No such file or directory
compilation terminated.
configure:3435: $? = 1
configure: failed program was:
| /* confdefs.h */
| #define PACKAGE_NAME "jhc"
| #define PACKAGE_TARNAME "jhc"
| #define PACKAGE_VERSION "0.8.1"
| #define PACKAGE_STRING "jhc 0.8.1"
| #define PACKAGE_BUGREPORT ""
| #define PACKAGE_URL ""
| #define PACKAGE "jhc"
| #define VERSION "0.8.1"
| /* end confdefs.h.  */
| #include <ac_nonexistent.h>
configure:3464: checking for grep that handles long lines and -e
configure:3522: result: /bin/grep
configure:3527: checking for egrep
configure:3589: result: /bin/grep -E
configure:3594: checking for ANSI C header files
configure:3614: gcc -c -g -O2  conftest.c >&5
configure:3614: $? = 0
configure:3687: gcc -o conftest -g -O2   conftest.c  >&5
configure:3687: $? = 0
configure:3687: ./conftest
configure:3687: $? = 0
configure:3698: result: yes
configure:3711: checking for sys/types.h
configure:3711: gcc -c -g -O2  conftest.c >&5
configure:3711: $? = 0
configure:3711: result: yes
configure:3711: checking for sys/stat.h
configure:3711: gcc -c -g -O2  conftest.c >&5
configure:3711: $? = 0
configure:3711: result: yes
configure:3711: checking for stdlib.h
configure:3711: gcc -c -g -O2  conftest.c >&5
configure:3711: $? = 0
configure:3711: result: yes
configure:3711: checking for string.h
configure:3711: gcc -c -g -O2  conftest.c >&5
configure:3711: $? = 0
configure:3711: result: yes
configure:3711: checking for memory.h
configure:3711: gcc -c -g -O2  conftest.c >&5
configure:3711: $? = 0
configure:3711: result: yes
configure:3711: checking for strings.h
configure:3711: gcc -c -g -O2  conftest.c >&5
configure:3711: $? = 0
configure:3711: result: yes
configure:3711: checking for inttypes.h
configure:3711: gcc -c -g -O2  conftest.c >&5
configure:3711: $? = 0
configure:3711: result: yes
configure:3711: checking for stdint.h
configure:3711: gcc -c -g -O2  conftest.c >&5
configure:3711: $? = 0
configure:3711: result: yes
configure:3711: checking for unistd.h
configure:3711: gcc -c -g -O2  conftest.c >&5
configure:3711: $? = 0
configure:3711: result: yes
configure:3723: checking whether byte ordering is bigendian
configure:3738: gcc -c -g -O2  conftest.c >&5
conftest.c:22:9: error: unknown type name 'not'
conftest.c:22:15: error: expected '=', ',', ';', 'asm' or '__attribute__' before 'universal'
conftest.c:22:15: error: unknown type name 'universal'
configure:3738: $? = 1
configure: failed program was:
| /* confdefs.h */
| #define PACKAGE_NAME "jhc"
| #define PACKAGE_TARNAME "jhc"
| #define PACKAGE_VERSION "0.8.1"
| #define PACKAGE_STRING "jhc 0.8.1"
| #define PACKAGE_BUGREPORT ""
| #define PACKAGE_URL ""
| #define PACKAGE "jhc"
| #define VERSION "0.8.1"
| #define STDC_HEADERS 1
| #define HAVE_SYS_TYPES_H 1
| #define HAVE_SYS_STAT_H 1
| #define HAVE_STDLIB_H 1
| #define HAVE_STRING_H 1
| #define HAVE_MEMORY_H 1
| #define HAVE_STRINGS_H 1
| #define HAVE_INTTYPES_H 1
| #define HAVE_STDINT_H 1
| #define HAVE_UNISTD_H 1
| /* end confdefs.h.  */
| #ifndef __APPLE_CC__
| 	       not a universal capable compiler
| 	     #endif
| 	     typedef int dummy;
| 
configure:3783: gcc -c -g -O2  conftest.c >&5
configure:3783: $? = 0
configure:3801: gcc -c -g -O2  conftest.c >&5
conftest.c: In function 'main':
conftest.c:28:4: error: unknown type name 'not'
conftest.c:28:12: error: expected '=', ',', ';', 'asm' or '__attribute__' before 'endian'
configure:3801: $? = 1
configure: failed program was:
| /* confdefs.h */
| #define PACKAGE_NAME "jhc"
| #define PACKAGE_TARNAME "jhc"
| #define PACKAGE_VERSION "0.8.1"
| #define PACKAGE_STRING "jhc 0.8.1"
| #define PACKAGE_BUGREPORT ""
| #define PACKAGE_URL ""
| #define PACKAGE "jhc"
| #define VERSION "0.8.1"
| #define STDC_HEADERS 1
| #define HAVE_SYS_TYPES_H 1
| #define HAVE_SYS_STAT_H 1
| #define HAVE_STDLIB_H 1
| #define HAVE_STRING_H 1
| #define HAVE_MEMORY_H 1
| #define HAVE_STRINGS_H 1
| #define HAVE_INTTYPES_H 1
| #define HAVE_STDINT_H 1
| #define HAVE_UNISTD_H 1
| /* end confdefs.h.  */
| #include <sys/types.h>
| 		#include <sys/param.h>
| 
| int
| main ()
| {
| #if BYTE_ORDER != BIG_ENDIAN
| 		 not big endian
| 		#endif
| 
|   ;
|   return 0;
| }
configure:3929: result: no
configure:3966: checking for ghc
configure:3984: found /usr/bin/ghc
configure:3996: result: /usr/bin/ghc
configure:4028: checking for DrIFT
configure:4046: found /usr/bin/DrIFT
configure:4058: result: /usr/bin/DrIFT
configure:4074: checking for mingw-gcc
configure:4104: result: no
configure:4074: checking for mingw32-gcc
configure:4104: result: no
configure:4074: checking for i386-mingw32-gcc
configure:4104: result: no
configure:4074: checking for i586-mingw32msvc-gcc
configure:4104: result: no
configure:4117: checking for module Data.Generics.Instances
configure:4138: /usr/bin/ghc -hide-all-packages -package base  -o conftest conftest.hs 

conftest.hs:1:8:
    Could not find module `Data.Generics.Instances'
    It is a member of the hidden package `syb-0.3.6'.
    Use -v to see a list of the files searched for.
configure:4141: $? = 1
configure: failed program was:
import Data.Generics.Instances
main = seq () (putStr "Hello world.\n")

-- this file generated by TRY-COMPILE-GHC
end of failed program.
configure:4174: /usr/bin/ghc -hide-all-packages -package base -package syb  -o conftest conftest.hs 
configure:4177: $? = 0
configure:4180: result: in package syb
configure:4202: checking for module System.Time
configure:4223: /usr/bin/ghc -hide-all-packages -package base -package syb  -o conftest conftest.hs 

conftest.hs:1:8:
    Could not find module `System.Time'
    It is a member of the hidden package `old-time-1.1.0.0'.
    Use -v to see a list of the files searched for.
configure:4226: $? = 1
configure: failed program was:
import System.Time
main = seq () (putStr "Hello world.\n")

-- this file generated by TRY-COMPILE-GHC
end of failed program.
configure:4259: /usr/bin/ghc -hide-all-packages -package base -package syb -package old-time  -o conftest conftest.hs 
configure:4262: $? = 0
configure:4265: result: in package old-time
configure:4287: checking for module Text.PrettyPrint.HughesPJ
configure:4308: /usr/bin/ghc -hide-all-packages -package base -package syb -package old-time  -o conftest conftest.hs 

conftest.hs:1:8:
    Could not find module `Text.PrettyPrint.HughesPJ'
    It is a member of the hidden package `pretty-1.1.1.0'.
    Use -v to see a list of the files searched for.
configure:4311: $? = 1
configure: failed program was:
import Text.PrettyPrint.HughesPJ
main = seq () (putStr "Hello world.\n")

-- this file generated by TRY-COMPILE-GHC
end of failed program.
configure:4344: /usr/bin/ghc -hide-all-packages -package base -package syb -package old-time -package pretty  -o conftest conftest.hs 
configure:4347: $? = 0
configure:4350: result: in package pretty
configure:4372: checking for module System.Console.Readline
configure:4393: /usr/bin/ghc -hide-all-packages -package base -package syb -package old-time -package pretty  -o conftest conftest.hs 

conftest.hs:1:8:
    Could not find module `System.Console.Readline'
    It is a member of the hidden package `readline-1.0.1.0'.
    Use -v to see a list of the files searched for.
configure:4396: $? = 1
configure: failed program was:
import System.Console.Readline
main = seq () (putStr "Hello world.\n")

-- this file generated by TRY-COMPILE-GHC
end of failed program.
configure:4429: /usr/bin/ghc -hide-all-packages -package base -package syb -package old-time -package pretty -package readline  -o conftest conftest.hs 
configure:4432: $? = 0
configure:4435: result: in package readline
configure:4549: checking for module System
configure:4570: /usr/bin/ghc -hide-all-packages -package base -package syb -package old-time -package pretty -package readline  -o conftest conftest.hs 

conftest.hs:1:8:
    Could not find module `System'
    It is a member of the hidden package `haskell98-2.0.0.1'.
    Use -v to see a list of the files searched for.
configure:4573: $? = 1
configure: failed program was:
import System
main = seq () (putStr "Hello world.\n")

-- this file generated by TRY-COMPILE-GHC
end of failed program.
configure:4606: /usr/bin/ghc -hide-all-packages -package base -package syb -package old-time -package pretty -package readline -package base  -o conftest conftest.hs 

conftest.hs:1:8:
    Could not find module `System'
    It is a member of the hidden package `haskell98-2.0.0.1'.
    Use -v to see a list of the files searched for.
configure:4609: $? = 1
configure: failed program was:
import System
main = seq () (putStr "Hello world.\n")

-- this file generated by TRY-COMPILE-GHC
end of failed program.
configure:4622: result: no; and neither in package base
configure:4645: checking for hsc2hs
configure:4663: found /usr/bin/hsc2hs
configure:4675: result: /usr/bin/hsc2hs
configure:4720: /usr/bin/ghc -hide-all-packages -package base -package syb -package old-time -package pretty -package readline  -o conftest conftest.hs 

conftest.hs:4:10:
    Duplicate instance declarations:
      instance Monoid Doc -- Defined at conftest.hs:4:10
      instance [safe] Monoid Doc
        -- Defined in `Text.PrettyPrint.HughesPJ'
configure:4723: $? = 1
configure: failed program was:

import Text.PrettyPrint.HughesPJ
import Data.Monoid
instance Monoid Doc
main = putStrLn "hello"

-- this file generated by TRY-COMPILE-GHC
end of failed program.
configure:4982: creating ./config.status

## ---------------------- ##
## Running config.status. ##
## ---------------------- ##

This file was extended by jhc config.status 0.8.1, which was
generated by GNU Autoconf 2.68.  Invocation command line was

  CONFIG_FILES    = 
  CONFIG_HEADERS  = 
  CONFIG_LINKS    = 
  CONFIG_COMMANDS = 
  $ ./config.status 

on ubuntu

config.status:798: creating Makefile
config.status:798: creating jhc.spec
config.status:798: creating src/hs_src_config.h
config.status:798: creating src/Version/Config.hs
config.status:798: creating docs/building.mkd
config.status:798: creating src/cbits/config.h
config.status:798: creating src/data/targets.ini

## ---------------- ##
## Cache variables. ##
## ---------------- ##

ac_cv_build=i686-pc-linux-gnu
ac_cv_c_bigendian=no
ac_cv_c_compiler_gnu=yes
ac_cv_env_CC_set=
ac_cv_env_CC_value=
ac_cv_env_CFLAGS_set=
ac_cv_env_CFLAGS_value=
ac_cv_env_CPPFLAGS_set=
ac_cv_env_CPPFLAGS_value=
ac_cv_env_CPP_set=
ac_cv_env_CPP_value=
ac_cv_env_LDFLAGS_set=
ac_cv_env_LDFLAGS_value=
ac_cv_env_LIBS_set=
ac_cv_env_LIBS_value=
ac_cv_env_build_alias_set=
ac_cv_env_build_alias_value=
ac_cv_env_host_alias_set=
ac_cv_env_host_alias_value=
ac_cv_env_target_alias_set=
ac_cv_env_target_alias_value=
ac_cv_header_inttypes_h=yes
ac_cv_header_memory_h=yes
ac_cv_header_stdc=yes
ac_cv_header_stdint_h=yes
ac_cv_header_stdlib_h=yes
ac_cv_header_string_h=yes
ac_cv_header_strings_h=yes
ac_cv_header_sys_stat_h=yes
ac_cv_header_sys_types_h=yes
ac_cv_header_unistd_h=yes
ac_cv_host=i686-pc-linux-gnu
ac_cv_objext=o
ac_cv_path_DRIFTGHC=/usr/bin/DrIFT
ac_cv_path_EGREP='/bin/grep -E'
ac_cv_path_GREP=/bin/grep
ac_cv_path_HC=/usr/bin/ghc
ac_cv_path_HSC2HS=/usr/bin/hsc2hs
ac_cv_path_install='/usr/bin/install -c'
ac_cv_path_mkdir=/bin/mkdir
ac_cv_prog_AWK=mawk
ac_cv_prog_CPP='gcc -E'
ac_cv_prog_ac_ct_CC=gcc
ac_cv_prog_cc_c89=
ac_cv_prog_cc_g=yes
ac_cv_prog_make_make_set=yes

## ----------------- ##
## Output variables. ##
## ----------------- ##

ACLOCAL='${SHELL} /home/decque/jhc/jhc-arafura/ac-macros/missing --run aclocal-1.11'
AMTAR='$${TAR-tar}'
AUTOCONF='${SHELL} /home/decque/jhc/jhc-arafura/ac-macros/missing --run autoconf'
AUTOHEADER='${SHELL} /home/decque/jhc/jhc-arafura/ac-macros/missing --run autoheader'
AUTOMAKE='${SHELL} /home/decque/jhc/jhc-arafura/ac-macros/missing --run automake-1.11'
AWK='mawk'
BYTE_ORDER='LITTLE_ENDIAN'
CC='gcc'
CFLAGS='-g -O2'
CPP='gcc -E'
CPPFLAGS=''
CYGPATH_W='echo'
DATADIR='/usr/local/share'
DEFS='-DPACKAGE_NAME=\"jhc\" -DPACKAGE_TARNAME=\"jhc\" -DPACKAGE_VERSION=\"0.8.1\" -DPACKAGE_STRING=\"jhc\ 0.8.1\" -DPACKAGE_BUGREPORT=\"\" -DPACKAGE_URL=\"\" -DPACKAGE=\"jhc\" -DVERSION=\"0.8.1\" -DSTDC_HEADERS=1 -DHAVE_SYS_TYPES_H=1 -DHAVE_SYS_STAT_H=1 -DHAVE_STDLIB_H=1 -DHAVE_STRING_H=1 -DHAVE_MEMORY_H=1 -DHAVE_STRINGS_H=1 -DHAVE_INTTYPES_H=1 -DHAVE_STDINT_H=1 -DHAVE_UNISTD_H=1 -DLIBDIR=\"/usr/local/lib\" -DDATADIR=\"/usr/local/share\" -DJLIBPATH=\"/usr/local/share/jhc-0.8\" -DJETCPATH=\"/usr/local/etc/jhc-0.8\"'
DRIFTGHC='/usr/bin/DrIFT'
ECHO_C=''
ECHO_N='-n'
ECHO_T=''
EGREP='/bin/grep -E'
EXEEXT=''
EXTRA_PACKAGES=''
GHCFLAGS='-hide-all-packages -package base -package syb -package old-time -package pretty -package readline'
GHCINC=' -i./compat/haskell98'
GREP='/bin/grep'
HAS_MONOID_DOC='1'
HC='/usr/bin/ghc'
HCFLAGS=''
HSC2HS='/usr/bin/hsc2hs'
INSTALL_DATA='${INSTALL} -m 644'
INSTALL_PROGRAM='${INSTALL}'
INSTALL_SCRIPT='${INSTALL}'
INSTALL_STRIP_PROGRAM='$(install_sh) -c -s'
JETCPATH='/usr/local/etc/jhc-0.8'
JLIBPATH='/usr/local/share/jhc-0.8'
LDFLAGS=''
LIBDIR='/usr/local/lib'
LIBOBJS=''
LIBS=''
LN_S='ln -s'
LTLIBOBJS=''
MAKEINFO='${SHELL} /home/decque/jhc/jhc-arafura/ac-macros/missing --run makeinfo'
MINGW='i386-mingw32-gcc'
MKDIR_P='/bin/mkdir -p'
OBJEXT='o'
PACKAGE='jhc'
PACKAGE_BUGREPORT=''
PACKAGE_NAME='jhc'
PACKAGE_STRING='jhc 0.8.1'
PACKAGE_TARNAME='jhc'
PACKAGE_URL=''
PACKAGE_VERSION='0.8.1'
PATH_SEPARATOR=':'
RPMRELEASE='1'
SET_MAKE=''
SHELL='/bin/bash'
SHORTVERSION='0.8'
STRIP=''
VERSION='0.8.1'
VERSION_MAJOR='0'
VERSION_MINOR='8'
VERSION_PATCH='1'
ac_ct_CC='gcc'
am__EXEEXT_FALSE=''
am__EXEEXT_TRUE='#'
am__isrc=''
am__leading_dot='.'
am__tar='$${TAR-tar} chof - "$$tardir"'
am__untar='$${TAR-tar} xf -'
bindir='${exec_prefix}/bin'
build='i686-pc-linux-gnu'
build_alias=''
build_cpu='i686'
build_os='linux-gnu'
build_vendor='pc'
datadir='${datarootdir}'
datarootdir='${prefix}/share'
docdir='${datarootdir}/doc/${PACKAGE_TARNAME}'
dvidir='${docdir}'
exec_prefix='${prefix}'
host='i686-pc-linux-gnu'
host_alias=''
host_cpu='i686'
host_os='linux-gnu'
host_vendor='pc'
htmldir='${docdir}'
includedir='${prefix}/include'
infodir='${datarootdir}/info'
install_sh='${SHELL} /home/decque/jhc/jhc-arafura/ac-macros/install-sh'
libdir='${exec_prefix}/lib'
libexecdir='${exec_prefix}/libexec'
localedir='${datarootdir}/locale'
localstatedir='${prefix}/var'
mandir='${datarootdir}/man'
mkdir_p='/bin/mkdir -p'
oldincludedir='/usr/include'
pdfdir='${docdir}'
prefix='/usr/local'
program_transform_name='s,x,x,'
psdir='${docdir}'
sbindir='${exec_prefix}/sbin'
sharedstatedir='${prefix}/com'
sysconfdir='${prefix}/etc'
target_alias=''

## ----------- ##
## confdefs.h. ##
## ----------- ##

/* confdefs.h */
#define PACKAGE_NAME "jhc"
#define PACKAGE_TARNAME "jhc"
#define PACKAGE_VERSION "0.8.1"
#define PACKAGE_STRING "jhc 0.8.1"
#define PACKAGE_BUGREPORT ""
#define PACKAGE_URL ""
#define PACKAGE "jhc"
#define VERSION "0.8.1"
#define STDC_HEADERS 1
#define HAVE_SYS_TYPES_H 1
#define HAVE_SYS_STAT_H 1
#define HAVE_STDLIB_H 1
#define HAVE_STRING_H 1
#define HAVE_MEMORY_H 1
#define HAVE_STRINGS_H 1
#define HAVE_INTTYPES_H 1
#define HAVE_STDINT_H 1
#define HAVE_UNISTD_H 1
#define LIBDIR "/usr/local/lib"
#define DATADIR "/usr/local/share"
#define JLIBPATH "/usr/local/share/jhc-0.8"
#define JETCPATH "/usr/local/etc/jhc-0.8"

configure: exit 0
